# JRE version: OpenJDK Runtime Environment (8.0_152-b06) (build 1.8.0_152-release-1136-b06)
# Java VM: OpenJDK 64-Bit Server VM (25.152-b06 mixed mode windows-amd64 compressed oops)
Heap:
 PSYoungGen      total 130560K, used 53220K [0x00000000e0000000, 0x00000000e9700000, 0x0000000100000000)
  eden space 106496K, 27% used [0x00000000e0000000,0x00000000e1c79318,0x00000000e6800000)
  from space 24064K, 99% used [0x00000000e6800000,0x00000000e7f7fd90,0x00000000e7f80000)
  to   space 20992K, 0% used [0x00000000e8280000,0x00000000e8280000,0x00000000e9700000)
 ParOldGen       total 100352K, used 51502K [0x00000000a0000000, 0x00000000a6200000, 0x00000000e0000000)
  object space 100352K, 51% used [0x00000000a0000000,0x00000000a324b880,0x00000000a6200000)
 Metaspace       used 72761K, capacity 75828K, committed 75992K, reserved 1116160K
  class space    used 9543K, capacity 10171K, committed 10240K, reserved 1048576K
GC Heap History (10 events):
Event: 116.960 GC heap before
{Heap before GC invocations=18 (full 2):
 PSYoungGen      total 98304K, used 65904K [0x00000000e0000000, 0x00000000e8a80000, 0x0000000100000000)
  eden space 80896K, 59% used [0x00000000e0000000,0x00000000e2f5cb10,0x00000000e4f00000)
  from space 17408K, 99% used [0x00000000e4f00000,0x00000000e5fff540,0x00000000e6000000)
  to   space 21504K, 0% used [0x00000000e7580000,0x00000000e7580000,0x00000000e8a80000)
 ParOldGen       total 60928K, used 26609K [0x00000000a0000000, 0x00000000a3b80000, 0x00000000e0000000)
  object space 60928K, 43% used [0x00000000a0000000,0x00000000a19fc6c8,0x00000000a3b80000)
 Metaspace       used 57331K, capacity 58922K, committed 59028K, reserved 1099776K
  class space    used 7617K, capacity 8010K, committed 8064K, reserved 1048576K
Event: 117.016 GC heap after
Heap after GC invocations=18 (full 2):
 PSYoungGen      total 114688K, used 21485K [0x00000000e0000000, 0x00000000e9800000, 0x0000000100000000)
  eden space 93184K, 0% used [0x00000000e0000000,0x00000000e0000000,0x00000000e5b00000)
  from space 21504K, 99% used [0x00000000e7580000,0x00000000e8a7b560,0x00000000e8a80000)
  to   space 27136K, 0% used [0x00000000e5b00000,0x00000000e5b00000,0x00000000e7580000)
 ParOldGen       total 60928K, used 33225K [0x00000000a0000000, 0x00000000a3b80000, 0x00000000e0000000)
  object space 60928K, 54% used [0x00000000a0000000,0x00000000a2072478,0x00000000a3b80000)
 Metaspace       used 57331K, capacity 58922K, committed 59028K, reserved 1099776K
  class space    used 7617K, capacity 8010K, committed 8064K, reserved 1048576K
}
Event: 117.017 GC heap before
{Heap before GC invocations=19 (full 3):
 PSYoungGen      total 114688K, used 21485K [0x00000000e0000000, 0x00000000e9800000, 0x0000000100000000)
  eden space 93184K, 0% used [0x00000000e0000000,0x00000000e0000000,0x00000000e5b00000)
  from space 21504K, 99% used [0x00000000e7580000,0x00000000e8a7b560,0x00000000e8a80000)
  to   space 27136K, 0% used [0x00000000e5b00000,0x00000000e5b00000,0x00000000e7580000)
 ParOldGen       total 60928K, used 33225K [0x00000000a0000000, 0x00000000a3b80000, 0x00000000e0000000)
  object space 60928K, 54% used [0x00000000a0000000,0x00000000a2072478,0x00000000a3b80000)
 Metaspace       used 57331K, capacity 58922K, committed 59028K, reserved 1099776K
  class space    used 7617K, capacity 8010K, committed 8064K, reserved 1048576K
Event: 117.431 GC heap after
Heap after GC invocations=19 (full 3):
 PSYoungGen      total 114688K, used 0K [0x00000000e0000000, 0x00000000e9800000, 0x0000000100000000)
  eden space 93184K, 0% used [0x00000000e0000000,0x00000000e0000000,0x00000000e5b00000)
  from space 21504K, 0% used [0x00000000e7580000,0x00000000e7580000,0x00000000e8a80000)
  to   space 27136K, 0% used [0x00000000e5b00000,0x00000000e5b00000,0x00000000e7580000)
 ParOldGen       total 100352K, used 40056K [0x00000000a0000000, 0x00000000a6200000, 0x00000000e0000000)
  object space 100352K, 39% used [0x00000000a0000000,0x00000000a271e070,0x00000000a6200000)
 Metaspace       used 57331K, capacity 58922K, committed 59028K, reserved 1099776K
  class space    used 7617K, capacity 8010K, committed 8064K, reserved 1048576K
}
Event: 171.881 GC heap before
{Heap before GC invocations=20 (full 3):
 PSYoungGen      total 114688K, used 93042K [0x00000000e0000000, 0x00000000e9800000, 0x0000000100000000)
  eden space 93184K, 99% used [0x00000000e0000000,0x00000000e5adc820,0x00000000e5b00000)
  from space 21504K, 0% used [0x00000000e7580000,0x00000000e7580000,0x00000000e8a80000)
  to   space 27136K, 0% used [0x00000000e5b00000,0x00000000e5b00000,0x00000000e7580000)
 ParOldGen       total 100352K, used 40056K [0x00000000a0000000, 0x00000000a6200000, 0x00000000e0000000)
  object space 100352K, 39% used [0x00000000a0000000,0x00000000a271e070,0x00000000a6200000)
 Metaspace       used 62384K, capacity 64146K, committed 64216K, reserved 1105920K
  class space    used 8233K, capacity 8690K, committed 8704K, reserved 1048576K
Event: 171.904 GC heap after
Heap after GC invocations=20 (full 3):
 PSYoungGen      total 120320K, used 10265K [0x00000000e0000000, 0x00000000e9b80000, 0x0000000100000000)
  eden space 93184K, 0% used [0x00000000e0000000,0x00000000e0000000,0x00000000e5b00000)
  from space 27136K, 37% used [0x00000000e5b00000,0x00000000e6506410,0x00000000e7580000)
  to   space 25600K, 0% used [0x00000000e8280000,0x00000000e8280000,0x00000000e9b80000)
 ParOldGen       total 100352K, used 40064K [0x00000000a0000000, 0x00000000a6200000, 0x00000000e0000000)
  object space 100352K, 39% used [0x00000000a0000000,0x00000000a2720070,0x00000000a6200000)
 Metaspace       used 62384K, capacity 64146K, committed 64216K, reserved 1105920K
  class space    used 8233K, capacity 8690K, committed 8704K, reserved 1048576K
}
Event: 180.926 GC heap before
{Heap before GC invocations=21 (full 3):
 PSYoungGen      total 120320K, used 103449K [0x00000000e0000000, 0x00000000e9b80000, 0x0000000100000000)
  eden space 93184K, 100% used [0x00000000e0000000,0x00000000e5b00000,0x00000000e5b00000)
  from space 27136K, 37% used [0x00000000e5b00000,0x00000000e6506410,0x00000000e7580000)
  to   space 25600K, 0% used [0x00000000e8280000,0x00000000e8280000,0x00000000e9b80000)
 ParOldGen       total 100352K, used 40064K [0x00000000a0000000, 0x00000000a6200000, 0x00000000e0000000)
  object space 100352K, 39% used [0x00000000a0000000,0x00000000a2720070,0x00000000a6200000)
 Metaspace       used 64368K, capacity 66234K, committed 66392K, reserved 1107968K
  class space    used 8356K, capacity 8788K, committed 8832K, reserved 1048576K
Event: 180.948 GC heap after
Heap after GC invocations=21 (full 3):
 PSYoungGen      total 127488K, used 10962K [0x00000000e0000000, 0x00000000e9700000, 0x0000000100000000)
  eden space 106496K, 0% used [0x00000000e0000000,0x00000000e0000000,0x00000000e6800000)
  from space 20992K, 52% used [0x00000000e8280000,0x00000000e8d34ae0,0x00000000e9700000)
  to   space 24064K, 0% used [0x00000000e6800000,0x00000000e6800000,0x00000000e7f80000)
 ParOldGen       total 100352K, used 40072K [0x00000000a0000000, 0x00000000a6200000, 0x00000000e0000000)
  object space 100352K, 39% used [0x00000000a0000000,0x00000000a2722070,0x00000000a6200000)
 Metaspace       used 64368K, capacity 66234K, committed 66392K, reserved 1107968K
  class space    used 8356K, capacity 8788K, committed 8832K, reserved 1048576K
}
Event: 194.457 GC heap before
{Heap before GC invocations=22 (full 3):
 PSYoungGen      total 127488K, used 117458K [0x00000000e0000000, 0x00000000e9700000, 0x0000000100000000)
  eden space 106496K, 100% used [0x00000000e0000000,0x00000000e6800000,0x00000000e6800000)
  from space 20992K, 52% used [0x00000000e8280000,0x00000000e8d34ae0,0x00000000e9700000)
  to   space 24064K, 0% used [0x00000000e6800000,0x00000000e6800000,0x00000000e7f80000)
 ParOldGen       total 100352K, used 40072K [0x00000000a0000000, 0x00000000a6200000, 0x00000000e0000000)
  object space 100352K, 39% used [0x00000000a0000000,0x00000000a2722070,0x00000000a6200000)
 Metaspace       used 72479K, capacity 75542K, committed 75736K, reserved 1114112K
  class space    used 9538K, capacity 10170K, committed 10240K, reserved 1048576K
Event: 194.518 GC heap after
Heap after GC invocations=22 (full 3):
 PSYoungGen      total 130560K, used 24063K [0x00000000e0000000, 0x00000000e9700000, 0x0000000100000000)
  eden space 106496K, 0% used [0x00000000e0000000,0x00000000e0000000,0x00000000e6800000)
  from space 24064K, 99% used [0x00000000e6800000,0x00000000e7f7fd90,0x00000000e7f80000)
  to   space 20992K, 0% used [0x00000000e8280000,0x00000000e8280000,0x00000000e9700000)
 ParOldGen       total 100352K, used 51502K [0x00000000a0000000, 0x00000000a6200000, 0x00000000e0000000)
  object space 100352K, 51% used [0x00000000a0000000,0x00000000a324b880,0x00000000a6200000)
 Metaspace       used 72479K, capacity 75542K, committed 75736K, reserved 1114112K
  class space    used 9538K, capacity 10170K, committed 10240K, reserved 1048576K
}

