# JRE version: OpenJDK Runtime Environment (8.0_152-b06) (build 1.8.0_152-release-1136-b06)
# Java VM: OpenJDK 64-Bit Server VM (25.152-b06 mixed mode windows-amd64 compressed oops)
Heap:
 PSYoungGen      total 131584K, used 35533K [0x00000000e0000000, 0x00000000eaf80000, 0x0000000100000000)
  eden space 117760K, 18% used [0x00000000e0000000,0x00000000e1533b88,0x00000000e7300000)
  from space 13824K, 99% used [0x00000000e7300000,0x00000000e807fb90,0x00000000e8080000)
  to   space 16896K, 0% used [0x00000000e9f00000,0x00000000e9f00000,0x00000000eaf80000)
 ParOldGen       total 62464K, used 29743K [0x00000000a0000000, 0x00000000a3d00000, 0x00000000e0000000)
  object space 62464K, 47% used [0x00000000a0000000,0x00000000a1d0bcf8,0x00000000a3d00000)
 Metaspace       used 52646K, capacity 54122K, committed 54272K, reserved 1095680K
  class space    used 7207K, capacity 7560K, committed 7680K, reserved 1048576K
GC Heap History (10 events):
Event: 6.940 GC heap before
{Heap before GC invocations=9 (full 1):
 PSYoungGen      total 70144K, used 62464K [0x00000000e0000000, 0x00000000e8a00000, 0x0000000100000000)
  eden space 62464K, 100% used [0x00000000e0000000,0x00000000e3d00000,0x00000000e3d00000)
  from space 7680K, 0% used [0x00000000e3d00000,0x00000000e3d00000,0x00000000e4480000)
  to   space 8192K, 0% used [0x00000000e8200000,0x00000000e8200000,0x00000000e8a00000)
 ParOldGen       total 35840K, used 8394K [0x00000000a0000000, 0x00000000a2300000, 0x00000000e0000000)
  object space 35840K, 23% used [0x00000000a0000000,0x00000000a0832af0,0x00000000a2300000)
 Metaspace       used 26477K, capacity 26992K, committed 27136K, reserved 1073152K
  class space    used 3654K, capacity 3828K, committed 3840K, reserved 1048576K
Event: 6.957 GC heap after
Heap after GC invocations=9 (full 1):
 PSYoungGen      total 97792K, used 6875K [0x00000000e0000000, 0x00000000e8900000, 0x0000000100000000)
  eden space 90624K, 0% used [0x00000000e0000000,0x00000000e0000000,0x00000000e5880000)
  from space 7168K, 95% used [0x00000000e8200000,0x00000000e88b6ec8,0x00000000e8900000)
  to   space 8704K, 0% used [0x00000000e7800000,0x00000000e7800000,0x00000000e8080000)
 ParOldGen       total 35840K, used 8402K [0x00000000a0000000, 0x00000000a2300000, 0x00000000e0000000)
  object space 35840K, 23% used [0x00000000a0000000,0x00000000a0834af0,0x00000000a2300000)
 Metaspace       used 26477K, capacity 26992K, committed 27136K, reserved 1073152K
  class space    used 3654K, capacity 3828K, committed 3840K, reserved 1048576K
}
Event: 9.889 GC heap before
{Heap before GC invocations=10 (full 1):
 PSYoungGen      total 97792K, used 97420K [0x00000000e0000000, 0x00000000e8900000, 0x0000000100000000)
  eden space 90624K, 99% used [0x00000000e0000000,0x00000000e586c3e0,0x00000000e5880000)
  from space 7168K, 95% used [0x00000000e8200000,0x00000000e88b6ec8,0x00000000e8900000)
  to   space 8704K, 0% used [0x00000000e7800000,0x00000000e7800000,0x00000000e8080000)
 ParOldGen       total 35840K, used 8402K [0x00000000a0000000, 0x00000000a2300000, 0x00000000e0000000)
  object space 35840K, 23% used [0x00000000a0000000,0x00000000a0834af0,0x00000000a2300000)
 Metaspace       used 34802K, capacity 35298K, committed 35416K, reserved 1079296K
  class space    used 4796K, capacity 5005K, committed 5120K, reserved 1048576K
Event: 9.918 GC heap after
Heap after GC invocations=10 (full 1):
 PSYoungGen      total 122368K, used 8693K [0x00000000e0000000, 0x00000000e8600000, 0x0000000100000000)
  eden space 113664K, 0% used [0x00000000e0000000,0x00000000e0000000,0x00000000e6f00000)
  from space 8704K, 99% used [0x00000000e7800000,0x00000000e807d570,0x00000000e8080000)
  to   space 5632K, 0% used [0x00000000e8080000,0x00000000e8080000,0x00000000e8600000)
 ParOldGen       total 35840K, used 12687K [0x00000000a0000000, 0x00000000a2300000, 0x00000000e0000000)
  object space 35840K, 35% used [0x00000000a0000000,0x00000000a0c63ff8,0x00000000a2300000)
 Metaspace       used 34802K, capacity 35298K, committed 35416K, reserved 1079296K
  class space    used 4796K, capacity 5005K, committed 5120K, reserved 1048576K
}
Event: 9.918 GC heap before
{Heap before GC invocations=11 (full 2):
 PSYoungGen      total 122368K, used 8693K [0x00000000e0000000, 0x00000000e8600000, 0x0000000100000000)
  eden space 113664K, 0% used [0x00000000e0000000,0x00000000e0000000,0x00000000e6f00000)
  from space 8704K, 99% used [0x00000000e7800000,0x00000000e807d570,0x00000000e8080000)
  to   space 5632K, 0% used [0x00000000e8080000,0x00000000e8080000,0x00000000e8600000)
 ParOldGen       total 35840K, used 12687K [0x00000000a0000000, 0x00000000a2300000, 0x00000000e0000000)
  object space 35840K, 35% used [0x00000000a0000000,0x00000000a0c63ff8,0x00000000a2300000)
 Metaspace       used 34802K, capacity 35298K, committed 35416K, reserved 1079296K
  class space    used 4796K, capacity 5005K, committed 5120K, reserved 1048576K
Event: 10.022 GC heap after
Heap after GC invocations=11 (full 2):
 PSYoungGen      total 122368K, used 0K [0x00000000e0000000, 0x00000000e8600000, 0x0000000100000000)
  eden space 113664K, 0% used [0x00000000e0000000,0x00000000e0000000,0x00000000e6f00000)
  from space 8704K, 0% used [0x00000000e7800000,0x00000000e7800000,0x00000000e8080000)
  to   space 5632K, 0% used [0x00000000e8080000,0x00000000e8080000,0x00000000e8600000)
 ParOldGen       total 62464K, used 19422K [0x00000000a0000000, 0x00000000a3d00000, 0x00000000e0000000)
  object space 62464K, 31% used [0x00000000a0000000,0x00000000a12f7ab8,0x00000000a3d00000)
 Metaspace       used 34802K, capacity 35298K, committed 35416K, reserved 1079296K
  class space    used 4796K, capacity 5005K, committed 5120K, reserved 1048576K
}
Event: 12.936 GC heap before
{Heap before GC invocations=12 (full 2):
 PSYoungGen      total 122368K, used 113664K [0x00000000e0000000, 0x00000000e8600000, 0x0000000100000000)
  eden space 113664K, 100% used [0x00000000e0000000,0x00000000e6f00000,0x00000000e6f00000)
  from space 8704K, 0% used [0x00000000e7800000,0x00000000e7800000,0x00000000e8080000)
  to   space 5632K, 0% used [0x00000000e8080000,0x00000000e8080000,0x00000000e8600000)
 ParOldGen       total 62464K, used 19422K [0x00000000a0000000, 0x00000000a3d00000, 0x00000000e0000000)
  object space 62464K, 31% used [0x00000000a0000000,0x00000000a12f7ab8,0x00000000a3d00000)
 Metaspace       used 41894K, capacity 42700K, committed 42880K, reserved 1085440K
  class space    used 5736K, capacity 6003K, committed 6016K, reserved 1048576K
Event: 12.960 GC heap after
Heap after GC invocations=12 (full 2):
 PSYoungGen      total 123392K, used 5620K [0x00000000e0000000, 0x00000000ea480000, 0x0000000100000000)
  eden space 117760K, 0% used [0x00000000e0000000,0x00000000e0000000,0x00000000e7300000)
  from space 5632K, 99% used [0x00000000e8080000,0x00000000e85fd2e0,0x00000000e8600000)
  to   space 13824K, 0% used [0x00000000e7300000,0x00000000e7300000,0x00000000e8080000)
 ParOldGen       total 62464K, used 26298K [0x00000000a0000000, 0x00000000a3d00000, 0x00000000e0000000)
  object space 62464K, 42% used [0x00000000a0000000,0x00000000a19ae820,0x00000000a3d00000)
 Metaspace       used 41894K, capacity 42700K, committed 42880K, reserved 1085440K
  class space    used 5736K, capacity 6003K, committed 6016K, reserved 1048576K
}
Event: 16.561 GC heap before
{Heap before GC invocations=13 (full 2):
 PSYoungGen      total 123392K, used 123380K [0x00000000e0000000, 0x00000000ea480000, 0x0000000100000000)
  eden space 117760K, 100% used [0x00000000e0000000,0x00000000e7300000,0x00000000e7300000)
  from space 5632K, 99% used [0x00000000e8080000,0x00000000e85fd2e0,0x00000000e8600000)
  to   space 13824K, 0% used [0x00000000e7300000,0x00000000e7300000,0x00000000e8080000)
 ParOldGen       total 62464K, used 26298K [0x00000000a0000000, 0x00000000a3d00000, 0x00000000e0000000)
  object space 62464K, 42% used [0x00000000a0000000,0x00000000a19ae820,0x00000000a3d00000)
 Metaspace       used 52114K, capacity 53610K, committed 53760K, reserved 1095680K
  class space    used 7169K, capacity 7560K, committed 7680K, reserved 1048576K
Event: 16.610 GC heap after
Heap after GC invocations=13 (full 2):
 PSYoungGen      total 131584K, used 13822K [0x00000000e0000000, 0x00000000eaf80000, 0x0000000100000000)
  eden space 117760K, 0% used [0x00000000e0000000,0x00000000e0000000,0x00000000e7300000)
  from space 13824K, 99% used [0x00000000e7300000,0x00000000e807fb90,0x00000000e8080000)
  to   space 16896K, 0% used [0x00000000e9f00000,0x00000000e9f00000,0x00000000eaf80000)
 ParOldGen       total 62464K, used 29743K [0x00000000a0000000, 0x00000000a3d00000, 0x00000000e0000000)
  object space 62464K, 47% used [0x00000000a0000000,0x00000000a1d0bcf8,0x00000000a3d00000)
 Metaspace       used 52114K, capacity 53610K, committed 53760K, reserved 1095680K
  class space    used 7169K, capacity 7560K, committed 7680K, reserved 1048576K
}

